{"C:\\A_MELISSA\\To-Do-List\\src\\addTask.js": {"path":"C:\\A_MELISSA\\To-Do-List\\src\\addTask.js","statementMap":{"0":{"start":{"line":4,"column":18},"end":{"line":8,"column":3}},"1":{"start":{"line":9,"column":2},"end":{"line":9,"column":22}},"2":{"start":{"line":10,"column":2},"end":{"line":10,"column":24}}},"fnMap":{"0":{"name":"addTask","decl":{"start":{"line":3,"column":16},"end":{"line":3,"column":23}},"loc":{"start":{"line":3,"column":44},"end":{"line":11,"column":1}},"line":3}},"branchMap":{},"s":{"0":0,"1":0,"2":0},"f":{"0":0},"b":{},"_coverageSchema":"1a1c01bbd47fc00a2c39e90264f33305004495a9","hash":"68c31205abb1d28a77b54915ba26bcdb7b6018f7"}
,"C:\\A_MELISSA\\To-Do-List\\src\\clearCompletedTasks.js": {"path":"C:\\A_MELISSA\\To-Do-List\\src\\clearCompletedTasks.js","statementMap":{"0":{"start":{"line":4,"column":23},"end":{"line":4,"column":62}},"1":{"start":{"line":4,"column":46},"end":{"line":4,"column":61}},"2":{"start":{"line":6,"column":2},"end":{"line":8,"column":3}},"3":{"start":{"line":6,"column":15},"end":{"line":6,"column":16}},"4":{"start":{"line":7,"column":4},"end":{"line":7,"column":34}},"5":{"start":{"line":9,"column":2},"end":{"line":9,"column":31}}},"fnMap":{"0":{"name":"clearCompletedTasks","decl":{"start":{"line":3,"column":16},"end":{"line":3,"column":35}},"loc":{"start":{"line":3,"column":43},"end":{"line":10,"column":1}},"line":3},"1":{"name":"(anonymous_1)","decl":{"start":{"line":4,"column":36},"end":{"line":4,"column":37}},"loc":{"start":{"line":4,"column":46},"end":{"line":4,"column":61}},"line":4}},"branchMap":{},"s":{"0":0,"1":0,"2":0,"3":0,"4":0,"5":0},"f":{"0":0,"1":0},"b":{},"_coverageSchema":"1a1c01bbd47fc00a2c39e90264f33305004495a9","hash":"15ebd31e15a62c408d71039cc61b3fcefe6675f9"}
,"C:\\A_MELISSA\\To-Do-List\\src\\editTask.js": {"path":"C:\\A_MELISSA\\To-Do-List\\src\\editTask.js","statementMap":{"0":{"start":{"line":5,"column":25},"end":{"line":5,"column":66}},"1":{"start":{"line":6,"column":2},"end":{"line":10,"column":3}},"2":{"start":{"line":7,"column":4},"end":{"line":7,"column":50}},"3":{"start":{"line":8,"column":4},"end":{"line":8,"column":26}},"4":{"start":{"line":9,"column":4},"end":{"line":9,"column":21}}},"fnMap":{"0":{"name":"editTaskDescription","decl":{"start":{"line":4,"column":16},"end":{"line":4,"column":35}},"loc":{"start":{"line":4,"column":54},"end":{"line":11,"column":1}},"line":4}},"branchMap":{"0":{"loc":{"start":{"line":6,"column":2},"end":{"line":10,"column":3}},"type":"if","locations":[{"start":{"line":6,"column":2},"end":{"line":10,"column":3}},{"start":{},"end":{}}],"line":6}},"s":{"0":0,"1":0,"2":0,"3":0,"4":0},"f":{"0":0},"b":{"0":[0,0]},"_coverageSchema":"1a1c01bbd47fc00a2c39e90264f33305004495a9","hash":"60c686b06c96a2ad8cfdf99d06040ad7557f8612"}
,"C:\\A_MELISSA\\To-Do-List\\src\\localStorage.js": {"path":"C:\\A_MELISSA\\To-Do-List\\src\\localStorage.js","statementMap":{"0":{"start":{"line":3,"column":2},"end":{"line":3,"column":55}},"1":{"start":{"line":8,"column":22},"end":{"line":8,"column":51}},"2":{"start":{"line":9,"column":2},"end":{"line":11,"column":3}},"3":{"start":{"line":10,"column":4},"end":{"line":10,"column":35}},"4":{"start":{"line":12,"column":2},"end":{"line":12,"column":12}}},"fnMap":{"0":{"name":"saveTasks","decl":{"start":{"line":2,"column":16},"end":{"line":2,"column":25}},"loc":{"start":{"line":2,"column":33},"end":{"line":4,"column":1}},"line":2},"1":{"name":"loadTasks","decl":{"start":{"line":7,"column":16},"end":{"line":7,"column":25}},"loc":{"start":{"line":7,"column":28},"end":{"line":13,"column":1}},"line":7}},"branchMap":{"0":{"loc":{"start":{"line":9,"column":2},"end":{"line":11,"column":3}},"type":"if","locations":[{"start":{"line":9,"column":2},"end":{"line":11,"column":3}},{"start":{},"end":{}}],"line":9}},"s":{"0":0,"1":0,"2":0,"3":0,"4":0},"f":{"0":0,"1":0},"b":{"0":[0,0]},"_coverageSchema":"1a1c01bbd47fc00a2c39e90264f33305004495a9","hash":"adcfc0f90e7be41049e6dd56d564d9fc723c35b0"}
}
