TN:
SF:src\addTask.js
FN:3,addTask
FNF:1
FNH:0
FNDA:0,addTask
DA:4,0
DA:9,0
DA:10,0
LF:3
LH:0
BRF:0
BRH:0
end_of_record
TN:
SF:src\clearCompletedTasks.js
FN:3,clearCompletedTasks
FN:4,(anonymous_1)
FNF:2
FNH:0
FNDA:0,clearCompletedTasks
FNDA:0,(anonymous_1)
DA:4,0
DA:6,0
DA:7,0
DA:9,0
LF:4
LH:0
BRF:0
BRH:0
end_of_record
TN:
SF:src\editTask.js
FN:4,editTaskDescription
FNF:1
FNH:0
FNDA:0,editTaskDescription
DA:5,0
DA:6,0
DA:7,0
DA:8,0
DA:9,0
LF:5
LH:0
BRDA:6,0,0,0
BRDA:6,0,1,0
BRF:2
BRH:0
end_of_record
TN:
SF:src\localStorage.js
FN:2,saveTasks
FN:7,loadTasks
FNF:2
FNH:0
FNDA:0,saveTasks
FNDA:0,loadTasks
DA:3,0
DA:8,0
DA:9,0
DA:10,0
DA:12,0
LF:5
LH:0
BRDA:9,0,0,0
BRDA:9,0,1,0
BRF:2
BRH:0
end_of_record
